<?xml version="1.0" encoding="UTF-8"?>
<!-- Generated by org.testng.reporters.JUnitXMLReporter -->
<testsuite hostname="LAPTOP-642ERP7L" ignored="0" name="Login" tests="2" failures="2" timestamp="2020-01-07T18:49:19 GMT" time="23.908" errors="0">
  <testcase name="createLead" time="0.033" classname="com.vtiger.testcases.VtigerSmokeTestCases">
    <failure type="java.lang.AssertionError" message="Not able to input the value did not expect to find [true] but found [false]">
      <![CDATA[java.lang.AssertionError: Not able to input the value did not expect to find [true] but found [false]
at utilities.GenericMethod.setTextboxValue(GenericMethod.java:87)
at pages.Login.loginToApplication(Login.java:13)
at com.vtiger.testcases.VtigerSmokeTestCases.createLead(VtigerSmokeTestCases.java:11)
at java.util.ArrayList.forEach(Unknown Source)
... Removed 30 stack frames]]>
    </failure>
  </testcase> <!-- createLead -->
  <testcase name="leadData" time="0.059" classname="com.vtiger.testcases.VtigerSmokeTestCases">
    <failure type="java.lang.AssertionError" message="Not able to input the value did not expect to find [true] but found [false]">
      <![CDATA[java.lang.AssertionError: Not able to input the value did not expect to find [true] but found [false]
at utilities.GenericMethod.setTextboxValue(GenericMethod.java:87)
at pages.Login.loginToApplication(Login.java:13)
at com.vtiger.testcases.VtigerSmokeTestCases.leadData(VtigerSmokeTestCases.java:25)
at java.util.ArrayList.forEach(Unknown Source)
... Removed 30 stack frames]]>
    </failure>
  </testcase> <!-- leadData -->
</testsuite> <!-- Login -->
