<?xml version="1.0" encoding="UTF-8"?>
<testng-results skipped="0" failed="0" ignored="0" total="2" passed="2">
  <reporter-output>
  </reporter-output>
  <suite name="Default suite" duration-ms="63679" started-at="2020-01-09T23:10:45 GMT" finished-at="2020-01-09T23:11:49 GMT">
    <groups>
    </groups>
    <test name="Default test" duration-ms="63679" started-at="2020-01-09T23:10:45 GMT" finished-at="2020-01-09T23:11:49 GMT">
      <class name="com.vtiger.testcases.VtigerSmokeTestCases">
        <test-method status="PASS" signature="setup()[pri:0, instance:com.vtiger.testcases.VtigerSmokeTestCases@167fdd33]" name="setup" is-config="true" duration-ms="299" started-at="2020-01-09T23:10:45 GMT" finished-at="2020-01-09T23:10:45 GMT">
          <reporter-output>
          </reporter-output>
        </test-method> <!-- setup -->
        <test-method status="PASS" signature="applicationSetup()[pri:0, instance:com.vtiger.testcases.VtigerSmokeTestCases@167fdd33]" name="applicationSetup" is-config="true" duration-ms="23694" started-at="2020-01-09T23:10:45 GMT" finished-at="2020-01-09T23:11:09 GMT">
          <reporter-output>
          </reporter-output>
        </test-method> <!-- applicationSetup -->
        <test-method status="PASS" signature="createLead()[pri:1, instance:com.vtiger.testcases.VtigerSmokeTestCases@167fdd33]" name="createLead" duration-ms="23553" started-at="2020-01-09T23:11:09 GMT" finished-at="2020-01-09T23:11:32 GMT">
          <reporter-output>
          </reporter-output>
        </test-method> <!-- createLead -->
        <test-method status="PASS" signature="tearDownMethod(org.testng.ITestResult)[pri:0, instance:com.vtiger.testcases.VtigerSmokeTestCases@167fdd33]" name="tearDownMethod" is-config="true" duration-ms="1" started-at="2020-01-09T23:11:32 GMT" finished-at="2020-01-09T23:11:32 GMT">
          <params>
            <param index="0">
              <value>
                <![CDATA[[TestResult name=createLead status=SUCCESS method=VtigerSmokeTestCases.createLead()[pri:1, instance:com.vtiger.testcases.VtigerSmokeTestCases@167fdd33] output={null}]]]>
              </value>
            </param>
          </params>
          <reporter-output>
          </reporter-output>
        </test-method> <!-- tearDownMethod -->
        <test-method status="PASS" signature="applicationSetup()[pri:0, instance:com.vtiger.testcases.VtigerSmokeTestCases@167fdd33]" name="applicationSetup" is-config="true" duration-ms="10411" started-at="2020-01-09T23:11:32 GMT" finished-at="2020-01-09T23:11:43 GMT">
          <reporter-output>
          </reporter-output>
        </test-method> <!-- applicationSetup -->
        <test-method status="PASS" signature="leadData()[pri:2, instance:com.vtiger.testcases.VtigerSmokeTestCases@167fdd33]" name="leadData" duration-ms="5992" started-at="2020-01-09T23:11:43 GMT" finished-at="2020-01-09T23:11:49 GMT">
          <reporter-output>
          </reporter-output>
        </test-method> <!-- leadData -->
        <test-method status="PASS" signature="tearDownMethod(org.testng.ITestResult)[pri:0, instance:com.vtiger.testcases.VtigerSmokeTestCases@167fdd33]" name="tearDownMethod" is-config="true" duration-ms="0" started-at="2020-01-09T23:11:49 GMT" finished-at="2020-01-09T23:11:49 GMT">
          <params>
            <param index="0">
              <value>
                <![CDATA[[TestResult name=leadData status=SUCCESS method=VtigerSmokeTestCases.leadData()[pri:2, instance:com.vtiger.testcases.VtigerSmokeTestCases@167fdd33] output={null}]]]>
              </value>
            </param>
          </params>
          <reporter-output>
          </reporter-output>
        </test-method> <!-- tearDownMethod -->
        <test-method status="PASS" signature="finalReport()[pri:0, instance:com.vtiger.testcases.VtigerSmokeTestCases@167fdd33]" name="finalReport" is-config="true" duration-ms="432" started-at="2020-01-09T23:11:49 GMT" finished-at="2020-01-09T23:11:49 GMT">
          <reporter-output>
          </reporter-output>
        </test-method> <!-- finalReport -->
      </class> <!-- com.vtiger.testcases.VtigerSmokeTestCases -->
    </test> <!-- Default test -->
  </suite> <!-- Default suite -->
</testng-results>
